{
    "C:\\Dev\\workspaces\\AfrobankAPI\\config\\database\\dbconnect.js": {
        "path": "C:\\Dev\\workspaces\\AfrobankAPI\\config\\database\\dbconnect.js",
        "statementMap": {
            "0": {
                "start": {
                    "line": 1,
                    "column": 13
                },
                "end": {
                    "line": 1,
                    "column": 29
                }
            },
            "1": {
                "start": {
                    "line": 2,
                    "column": 0
                },
                "end": {
                    "line": 2,
                    "column": 27
                }
            },
            "2": {
                "start": {
                    "line": 5,
                    "column": 17
                },
                "end": {
                    "line": 10,
                    "column": 7
                }
            },
            "3": {
                "start": {
                    "line": 12,
                    "column": 0
                },
                "end": {
                    "line": 12,
                    "column": 26
                }
            }
        },
        "fnMap": {},
        "branchMap": {},
        "s": {
            "0": 1,
            "1": 1,
            "2": 1,
            "3": 1
        },
        "f": {},
        "b": {},
        "_coverageSchema": "1a1c01bbd47fc00a2c39e90264f33305004495a9",
        "hash": "84fbe821aedfeecbed901909277b88bdfbb8a4b6"
    }
}